<?xml version="1.0" encoding="UTF-8"?>
<!-- Generated by org.testng.reporters.JUnitReportReporter -->
<testsuite hostname="AdityaMeshram-HP-14s" failures="0" tests="1" name="TestScript.TestScriptTask1" time="8.357" errors="0" timestamp="2025-03-02T12:52:24 IST" skipped="0">
  <testcase classname="TestScript.TestScriptTask1" name="giftCardProduct" time="8.357">
    <system-out>
      <![CDATA[OnStartTest Script for giftCardProduct
Product is Added Succesfully in Cart 
OnStartTest Script for giftCardProduct]]>
    </system-out>
  </testcase> <!-- giftCardProduct -->
  <system-out>
    <![CDATA[onStart
I am in DWS Page After Varification 
OnStartTest Script for giftCardProduct
Product is Added Succesfully in Cart 
OnStartTest Script for giftCardProduct]]>
  </system-out>
</testsuite> <!-- TestScript.TestScriptTask1 -->
